{"/home/jgrow/personal/terraform-aws-lambda-helper/src/index.ts": {"path":"/home/jgrow/personal/terraform-aws-lambda-helper/src/index.ts","statementMap":{"0":{"start":{"line":2,"column":0},"end":{"line":2,"column":52}},"1":{"start":{"line":9,"column":25},"end":{"line":12,"column":2}},"2":{"start":{"line":9,"column":64},"end":{"line":12,"column":2}},"3":{"start":{"line":14,"column":22},"end":{"line":14,"column":66}},"4":{"start":{"line":16,"column":16},"end":{"line":42,"column":1}},"5":{"start":{"line":21,"column":2},"end":{"line":41,"column":null}},"6":{"start":{"line":26,"column":6},"end":{"line":26,"column":35}},"7":{"start":{"line":33,"column":4},"end":{"line":33,"column":62}},"8":{"start":{"line":39,"column":4},"end":{"line":39,"column":58}},"9":{"start":{"line":44,"column":9},"end":{"line":44,"column":16}}},"fnMap":{"0":{"name":"(anonymous_6)","decl":{"start":{"line":9,"column":25},"end":{"line":9,"column":26}},"loc":{"start":{"line":9,"column":64},"end":{"line":12,"column":2}}},"1":{"name":"(anonymous_7)","decl":{"start":{"line":16,"column":16},"end":{"line":16,"column":21}},"loc":{"start":{"line":19,"column":52},"end":{"line":42,"column":1}}}},"branchMap":{},"s":{"0":1,"1":1,"2":2,"3":1,"4":1,"5":2,"6":2,"7":1,"8":1,"9":1},"f":{"0":2,"1":2},"b":{}}
,"/home/jgrow/personal/terraform-aws-lambda-helper/src/response.ts": {"path":"/home/jgrow/personal/terraform-aws-lambda-helper/src/response.ts","statementMap":{"0":{"start":{"line":12,"column":22},"end":{"line":14,"column":1}},"1":{"start":{"line":13,"column":2},"end":{"line":13,"column":34}},"2":{"start":{"line":25,"column":9},"end":{"line":25,"column":22}},"3":{"start":{"line":16,"column":22},"end":{"line":18,"column":1}},"4":{"start":{"line":17,"column":2},"end":{"line":17,"column":34}},"5":{"start":{"line":25,"column":24},"end":{"line":25,"column":37}},"6":{"start":{"line":20,"column":22},"end":{"line":23,"column":2}},"7":{"start":{"line":20,"column":85},"end":{"line":23,"column":2}}},"fnMap":{"0":{"name":"(anonymous_0)","decl":{"start":{"line":12,"column":22},"end":{"line":12,"column":23}},"loc":{"start":{"line":12,"column":46},"end":{"line":14,"column":1}}},"1":{"name":"(anonymous_1)","decl":{"start":{"line":16,"column":22},"end":{"line":16,"column":23}},"loc":{"start":{"line":16,"column":46},"end":{"line":18,"column":1}}},"2":{"name":"(anonymous_2)","decl":{"start":{"line":20,"column":22},"end":{"line":20,"column":23}},"loc":{"start":{"line":20,"column":85},"end":{"line":23,"column":2}}}},"branchMap":{},"s":{"0":1,"1":1,"2":1,"3":1,"4":1,"5":1,"6":1,"7":2},"f":{"0":1,"1":1,"2":2},"b":{}}
}
