TN:
SF:src/index.ts
FN:9,(anonymous_6)
FN:16,(anonymous_7)
FNF:2
FNH:2
FNDA:2,(anonymous_6)
FNDA:2,(anonymous_7)
DA:2,1
DA:9,2
DA:14,1
DA:16,1
DA:21,2
DA:26,2
DA:28,1
DA:29,1
DA:30,1
DA:31,1
DA:33,1
DA:37,1
DA:39,1
DA:44,1
LF:14
LH:14
BRF:0
BRH:0
end_of_record
TN:
SF:src/response.ts
FN:12,(anonymous_0)
FN:16,(anonymous_1)
FN:20,(anonymous_2)
FNF:3
FNH:3
FNDA:1,(anonymous_0)
FNDA:1,(anonymous_1)
FNDA:2,(anonymous_2)
DA:12,1
DA:13,1
DA:16,1
DA:17,1
DA:20,2
DA:25,1
LF:6
LH:6
BRF:0
BRH:0
end_of_record
